<?xml version="1.0" encoding="UTF-8"?>
<!--
  Every recorded test passing, which must fail the check as a stale record.

  This fixture is the exact result docs/quality/idempotency-baseline.json records, so the architecture
  suite can prove the check passes on it without needing a database. Its companions add a test the
  baseline does not carry, and remove one the baseline does, so both directions of the gate are proven.
-->
<testsuites>
  <testsuite name="integration" tests="7" assertions="6" errors="0" failures="0" skipped="1" time="1.000000">
    <testcase name="testArchiveAndDeleteRedirectToLifecycleReadableDestinations"
              class="Kumwe\CMS\Tests\Integration\BusinessSurface\GeneratedBusinessBrowserIntegrationTest"
              classname="Kumwe.CMS.Tests.Integration.BusinessSurface.GeneratedBusinessBrowserIntegrationTest"
              time="1.000000"/>
    <testcase name="testGraphicalQueryControlsSurviveOpaqueCursorPagination"
              class="Kumwe\CMS\Tests\Integration\BusinessSurface\GeneratedBusinessBrowserIntegrationTest"
              classname="Kumwe.CMS.Tests.Integration.BusinessSurface.GeneratedBusinessBrowserIntegrationTest"
              time="1.000000"/>
    <testcase name="testWorkflowActionConfirmationExecutesWithoutJavascript"
              class="Kumwe\CMS\Tests\Integration\BusinessSurface\GeneratedBusinessBrowserIntegrationTest"
              classname="Kumwe.CMS.Tests.Integration.BusinessSurface.GeneratedBusinessBrowserIntegrationTest"
              time="1.000000"/>
    <testcase name="testSummaryUsesCanonicalBrowsePolicyAndOmitsRestrictedFields"
              class="Kumwe\CMS\Tests\Integration\Extension\AssetInspectionCustomViewIntegrationTest"
              classname="Kumwe.CMS.Tests.Integration.Extension.AssetInspectionCustomViewIntegrationTest"
              time="1.000000"/>
    <testcase name="testSignedContributionLifecycleIsPermissionAwareTrustBoundAndDataPreserving"
              class="Kumwe\CMS\Tests\Integration\Extension\ExtensionContributionLifecycleIntegrationTest"
              classname="Kumwe.CMS.Tests.Integration.Extension.ExtensionContributionLifecycleIntegrationTest"
              time="1.000000"/>
    <testcase name="testTheSignInBudgetFailsClosedAndThePageCacheDegradesWhileRedisIsGone"
              class="Kumwe\CMS\Tests\Integration\Infrastructure\RedisOutageIntegrationTest"
              classname="Kumwe.CMS.Tests.Integration.Infrastructure.RedisOutageIntegrationTest"
              time="1.000000"/>
    <testcase name="testAnIdempotentNeighbourStillPasses"
              class="Kumwe\CMS\Tests\Integration\Infrastructure\RedisOutageIntegrationTest"
              classname="Kumwe.CMS.Tests.Integration.Infrastructure.RedisOutageIntegrationTest"
              time="1.000000">
      <skipped/>
    </testcase>
  </testsuite>
</testsuites>
