<?xml version="1.0" encoding="UTF-8"?>
<!-- A reverse-order failure whose identifier is baseline-recorded only for the repeat pass. -->
<testsuites>
  <testsuite name="integration" tests="7" assertions="7" errors="0" failures="1" time="1.000000">
    <testcase name="testArchiveAndDeleteRedirectToLifecycleReadableDestinations"
              class="Kumwe\App\Tests\Integration\BusinessSurface\GeneratedBusinessBrowserIntegrationTest"
              classname="Kumwe.CMS.Tests.Integration.BusinessSurface.GeneratedBusinessBrowserIntegrationTest"
              time="1.000000">
      <failure type="PHPUnit\Framework\ExpectationFailedException">Reverse order exposed a new failure.</failure>
    </testcase>
    <testcase name="testGraphicalQueryControlsSurviveOpaqueCursorPagination"
              class="Kumwe\App\Tests\Integration\BusinessSurface\GeneratedBusinessBrowserIntegrationTest"
              classname="Kumwe.CMS.Tests.Integration.BusinessSurface.GeneratedBusinessBrowserIntegrationTest"
              time="1.000000"/>
    <testcase name="testWorkflowActionConfirmationExecutesWithoutJavascript"
              class="Kumwe\App\Tests\Integration\BusinessSurface\GeneratedBusinessBrowserIntegrationTest"
              classname="Kumwe.CMS.Tests.Integration.BusinessSurface.GeneratedBusinessBrowserIntegrationTest"
              time="1.000000"/>
    <testcase name="testSummaryUsesCanonicalBrowsePolicyAndOmitsRestrictedFields"
              class="Kumwe\App\Tests\Integration\Extension\AssetInspectionCustomViewIntegrationTest"
              classname="Kumwe.CMS.Tests.Integration.Extension.AssetInspectionCustomViewIntegrationTest"
              time="1.000000"/>
    <testcase name="testSignedContributionLifecycleIsPermissionAwareTrustBoundAndDataPreserving"
              class="Kumwe\App\Tests\Integration\Extension\ExtensionContributionLifecycleIntegrationTest"
              classname="Kumwe.CMS.Tests.Integration.Extension.ExtensionContributionLifecycleIntegrationTest"
              time="1.000000"/>
    <testcase name="testTheSignInBudgetFailsClosedAndThePageCacheDegradesWhileRedisIsGone"
              class="Kumwe\App\Tests\Integration\Infrastructure\RedisOutageIntegrationTest"
              classname="Kumwe.CMS.Tests.Integration.Infrastructure.RedisOutageIntegrationTest"
              time="1.000000"/>
    <testcase name="testAnIdempotentNeighbourStillPasses"
              class="Kumwe\App\Tests\Integration\Infrastructure\RedisOutageIntegrationTest"
              classname="Kumwe.CMS.Tests.Integration.Infrastructure.RedisOutageIntegrationTest"
              time="1.000000"/>
  </testsuite>
</testsuites>
